<?xml version="1.0" encoding="UTF-8"?>
<!-- Generated by org.testng.reporters.JUnitReportReporter -->
<testsuite hostname="BCTCL-DL342098" failures="0" tests="3" name="TestNGPractice.TestNgtest_1" time="0.009" errors="0" timestamp="2024-12-18T13:48:30 IST" skipped="0">
  <testcase classname="TestNGPractice.TestNgtest_1" name="openApp" time="0.008"/>
  <system-out/>
  <testcase classname="TestNGPractice.TestNgtest_1" name="Login" time="0.000"/>
  <system-out/>
  <testcase classname="TestNGPractice.TestNgtest_1" name="Logout" time="0.001"/>
  <system-out/>
</testsuite> <!-- TestNGPractice.TestNgtest_1 -->
