<?xml version="1.0" encoding="UTF-8"?>
<!-- Generated by org.testng.reporters.JUnitReportReporter -->
<testsuite hostname="BCTCL-DL342098" failures="0" tests="2" name="TestNGPractice.GroupingTestCase_3" time="0.002" errors="0" timestamp="2024-12-18T18:08:16 IST" skipped="0">
  <testcase classname="TestNGPractice.GroupingTestCase_3" name="paymentinRupee" time="0.001"/>
  <system-out/>
  <testcase classname="TestNGPractice.GroupingTestCase_3" name="paymentinRiyal" time="0.001"/>
  <system-out/>
</testsuite> <!-- TestNGPractice.GroupingTestCase_3 -->
