<?xml version="1.0" encoding="UTF-8"?>
<!-- Generated by org.testng.reporters.JUnitReportReporter -->
<testsuite hostname="BCTCL-DL342098" failures="0" tests="4" name="TestNGPractice.lounchingBrowser" time="22.251" errors="0" timestamp="2024-11-19T12:45:29 IST" skipped="0">
  <testcase classname="TestNGPractice.lounchingBrowser" name="openApp" time="17.244"/>
  <system-out/>
  <testcase classname="TestNGPractice.lounchingBrowser" name="validate" time="3.068"/>
  <system-out/>
  <testcase classname="TestNGPractice.lounchingBrowser" name="login" time="1.576"/>
  <system-out/>
  <testcase classname="TestNGPractice.lounchingBrowser" name="close" time="0.363"/>
  <system-out/>
</testsuite> <!-- TestNGPractice.lounchingBrowser -->
