<?xml version="1.0" encoding="UTF-8"?>
<!-- Generated by org.testng.reporters.JUnitReportReporter -->
<testsuite hostname="BCTCL-DL342098" failures="0" tests="4" name="TestNGPractice.lounchingBrowser" time="27.588" errors="0" timestamp="2024-12-18T13:48:30 IST" skipped="0">
  <testcase classname="TestNGPractice.lounchingBrowser" name="openApp" time="22.920"/>
  <system-out/>
  <testcase classname="TestNGPractice.lounchingBrowser" name="validate" time="3.048"/>
  <system-out/>
  <testcase classname="TestNGPractice.lounchingBrowser" name="login" time="1.386"/>
  <system-out/>
  <testcase classname="TestNGPractice.lounchingBrowser" name="close" time="0.234"/>
  <system-out/>
</testsuite> <!-- TestNGPractice.lounchingBrowser -->
