<?xml version="1.0" encoding="UTF-8"?>
<!-- Generated by org.testng.reporters.JUnitReportReporter -->
<testsuite hostname="BCTCL-DL342098" failures="0" tests="2" name="TestNGPractice.Annotationss" time="0.010" errors="0" timestamp="2024-12-18T16:14:24 IST" skipped="0">
  <testcase classname="TestNGPractice.Annotationss" name="search" time="0.007"/>
  <system-out/>
  <testcase classname="TestNGPractice.Annotationss" name="advanceSearch" time="0.003"/>
  <system-out/>
</testsuite> <!-- TestNGPractice.Annotationss -->
