<?xml version="1.0" encoding="UTF-8"?>
<!-- Generated by org.testng.reporters.JUnitReportReporter -->
<testsuite hostname="BCTCL-DL342098" failures="0" tests="3" name="TestNGPractice.PriorityExicution" time="0.013" errors="0" timestamp="2024-11-25T12:26:15 IST" skipped="0">
  <testcase classname="TestNGPractice.PriorityExicution" name="opneApp" time="0.011"/>
  <system-out/>
  <testcase classname="TestNGPractice.PriorityExicution" name="login" time="0.001"/>
  <system-out/>
  <testcase classname="TestNGPractice.PriorityExicution" name="logout" time="0.001"/>
  <system-out/>
</testsuite> <!-- TestNGPractice.PriorityExicution -->
